/nfs-share/pa511/.cache/pypoetry/virtualenvs/advanced-pytorch-4G2CGpb3-py3.8/lib/python3.8/site-packages/hydra/_internal/defaults_list.py:251: UserWarning: In 'base': Defaults list is missing `_self_`. See https://hydra.cc/docs/1.2/upgrades/1.0_to_1.1/default_composition_order for more information
  warnings.warn(msg, UserWarning)
[92mINFO [0m:      Starting Flower simulation, config: num_rounds=10, no round_timeout
model:
  _target_: torchvision.models.resnet18
  num_classes: ${foo}
strategy:
  _target_: flwr.server.strategy.FedAvg
  fraction_fit: 1.0e-05
  min_fit_clients: ${num_clients_per_round_fit}
  fraction_evaluate: 1.0e-05
  min_evaluate_clients: ${num_clients_per_round_eval}
  min_available_clients: ${num_clients}
  on_fit_config_fn:
    _target_: server.get_on_fit_config
    config: ${config_fit}
foo: 10
num_rounds: 10
num_clients: 100
batch_size: 20
num_classes: 10
num_clients_per_round_fit: 10
num_clients_per_round_eval: 25
config_fit:
  lr: 0.01
  momentum: 0.9
  local_epochs: 1
method:
  name: fpzip
  precision: 1

Files already downloaded and verified
Files already downloaded and verified
[2024-08-14 20:25:20,306][flwr][INFO] - Starting Flower simulation, config: num_rounds=10, no round_timeout
2024-08-14 20:25:22,999	INFO worker.py:1752 -- Started a local Ray instance.
[92mINFO [0m:      Flower VCE: Ray initialized with resources: {'CPU': 56.0, 'node:__internal_head__': 1.0, 'object_store_memory': 77216763494.0, 'memory': 170172448154.0, 'GPU': 1.0, 'accelerator_type:G': 1.0, 'node:128.232.115.66': 1.0}
[2024-08-14 20:25:29,101][flwr][INFO] - Flower VCE: Ray initialized with resources: {'CPU': 56.0, 'node:__internal_head__': 1.0, 'object_store_memory': 77216763494.0, 'memory': 170172448154.0, 'GPU': 1.0, 'accelerator_type:G': 1.0, 'node:128.232.115.66': 1.0}
[92mINFO [0m:      Optimize your simulation with Flower VCE: https://flower.ai/docs/framework/how-to-run-simulations.html
[2024-08-14 20:25:29,102][flwr][INFO] - Optimize your simulation with Flower VCE: https://flower.ai/docs/framework/how-to-run-simulations.html
[2024-08-14 20:25:29,102][flwr][INFO] - Flower VCE: Resources for each Virtual Client: {'num_cpus': 2, 'num_gpus': 0.0}
[92mINFO [0m:      Flower VCE: Resources for each Virtual Client: {'num_cpus': 2, 'num_gpus': 0.0}
[92mINFO [0m:      Flower VCE: Creating VirtualClientEngineActorPool with 28 actors
[2024-08-14 20:25:29,138][flwr][INFO] - Flower VCE: Creating VirtualClientEngineActorPool with 28 actors
[92mINFO [0m:      [INIT]
[2024-08-14 20:25:29,140][flwr][INFO] - [INIT]
[92mINFO [0m:      Requesting initial parameters from one random client
[2024-08-14 20:25:29,140][flwr][INFO] - Requesting initial parameters from one random client
[33m(raylet)[0m [2024-08-14 20:25:32,915 E 3812906 3812936] (raylet) file_system_monitor.cc:111: /tmp/ray/session_2024-08-14_20-25-20_400610_3812655 is over 95% full, available space: 15740108800; capacity: 2015100878848. Object creation will fail if spilling is required.
[36m(ClientAppActor pid=3816100)[0m [93mWARNING [0m:   DEPRECATED FEATURE: `client_fn` now expects a signature `def client_fn(context: Context)`.The provided `client_fn` has signature: {'cid': <Parameter "cid: str">}. You can import the `Context` like this: `from flwr.common import Context`
[36m(ClientAppActor pid=3816100)[0m 
[36m(ClientAppActor pid=3816100)[0m             This is a deprecated feature. It will be removed
[36m(ClientAppActor pid=3816100)[0m             entirely in future versions of Flower.
[36m(ClientAppActor pid=3816100)[0m         
[91mERROR [0m:     Traceback (most recent call last):
  File "/nfs-share/pa511/.cache/pypoetry/virtualenvs/advanced-pytorch-4G2CGpb3-py3.8/lib/python3.8/site-packages/flwr/simulation/ray_transport/ray_client_proxy.py", line 94, in _submit_job
    out_mssg, updated_context = self.actor_pool.get_client_result(
  File "/nfs-share/pa511/.cache/pypoetry/virtualenvs/advanced-pytorch-4G2CGpb3-py3.8/lib/python3.8/site-packages/flwr/simulation/ray_transport/ray_actor.py", line 398, in get_client_result
    return self._fetch_future_result(cid)
  File "/nfs-share/pa511/.cache/pypoetry/virtualenvs/advanced-pytorch-4G2CGpb3-py3.8/lib/python3.8/site-packages/flwr/simulation/ray_transport/ray_actor.py", line 279, in _fetch_future_result
    res_cid, out_mssg, updated_context = ray.get(
  File "/nfs-share/pa511/.cache/pypoetry/virtualenvs/advanced-pytorch-4G2CGpb3-py3.8/lib/python3.8/site-packages/ray/_private/auto_init_hook.py", line 21, in auto_init_wrapper
    return fn(*args, **kwargs)
  File "/nfs-share/pa511/.cache/pypoetry/virtualenvs/advanced-pytorch-4G2CGpb3-py3.8/lib/python3.8/site-packages/ray/_private/client_mode_hook.py", line 103, in wrapper
    return func(*args, **kwargs)
  File "/nfs-share/pa511/.cache/pypoetry/virtualenvs/advanced-pytorch-4G2CGpb3-py3.8/lib/python3.8/site-packages/ray/_private/worker.py", line 2667, in get
    values, debugger_breakpoint = worker.get_objects(object_refs, timeout=timeout)
  File "/nfs-share/pa511/.cache/pypoetry/virtualenvs/advanced-pytorch-4G2CGpb3-py3.8/lib/python3.8/site-packages/ray/_private/worker.py", line 864, in get_objects
    raise value.as_instanceof_cause()
ray.exceptions.RayTaskError(ClientAppException): [36mray::ClientAppActor.run()[39m (pid=3816100, ip=128.232.115.66, actor_id=7b3bc706fb727e23783edab601000000, repr=<flwr.simulation.ray_transport.ray_actor.ClientAppActor object at 0x7ff9a437b2e0>)
  File "/nfs-share/pa511/.cache/pypoetry/virtualenvs/advanced-pytorch-4G2CGpb3-py3.8/lib/python3.8/site-packages/flwr/client/client_app.py", line 143, in __call__
    return self._call(message, context)
  File "/nfs-share/pa511/.cache/pypoetry/virtualenvs/advanced-pytorch-4G2CGpb3-py3.8/lib/python3.8/site-packages/flwr/client/client_app.py", line 126, in ffn
    out_message = handle_legacy_message_from_msgtype(
  File "/nfs-share/pa511/.cache/pypoetry/virtualenvs/advanced-pytorch-4G2CGpb3-py3.8/lib/python3.8/site-packages/flwr/client/message_handler/message_handler.py", line 120, in handle_legacy_message_from_msgtype
    get_parameters_res = maybe_call_get_parameters(
  File "/nfs-share/pa511/.cache/pypoetry/virtualenvs/advanced-pytorch-4G2CGpb3-py3.8/lib/python3.8/site-packages/flwr/client/client.py", line 214, in maybe_call_get_parameters
    return client.get_parameters(get_parameters_ins)
  File "/nfs-share/pa511/.cache/pypoetry/virtualenvs/advanced-pytorch-4G2CGpb3-py3.8/lib/python3.8/site-packages/flwr/client/numpy_client.py", line 225, in _get_parameters
    parameters = self.numpy_client.get_parameters(config=ins.config)  # type: ignore
  File "/nfs-share/pa511/resnet/client.py", line 66, in get_parameters
    c1 = fpzip.compress(c, precision=self.cfg.method.precision)
  File "fpzip.pyx", line 175, in fpzip.compress
[2024-08-14 20:25:37,282][flwr][ERROR] - Traceback (most recent call last):
  File "/nfs-share/pa511/.cache/pypoetry/virtualenvs/advanced-pytorch-4G2CGpb3-py3.8/lib/python3.8/site-packages/flwr/simulation/ray_transport/ray_client_proxy.py", line 94, in _submit_job
    out_mssg, updated_context = self.actor_pool.get_client_result(
  File "/nfs-share/pa511/.cache/pypoetry/virtualenvs/advanced-pytorch-4G2CGpb3-py3.8/lib/python3.8/site-packages/flwr/simulation/ray_transport/ray_actor.py", line 398, in get_client_result
    return self._fetch_future_result(cid)
  File "/nfs-share/pa511/.cache/pypoetry/virtualenvs/advanced-pytorch-4G2CGpb3-py3.8/lib/python3.8/site-packages/flwr/simulation/ray_transport/ray_actor.py", line 279, in _fetch_future_result
    res_cid, out_mssg, updated_context = ray.get(
  File "/nfs-share/pa511/.cache/pypoetry/virtualenvs/advanced-pytorch-4G2CGpb3-py3.8/lib/python3.8/site-packages/ray/_private/auto_init_hook.py", line 21, in auto_init_wrapper
    return fn(*args, **kwargs)
  File "/nfs-share/pa511/.cache/pypoetry/virtualenvs/advanced-pytorch-4G2CGpb3-py3.8/lib/python3.8/site-packages/ray/_private/client_mode_hook.py", line 103, in wrapper
    return func(*args, **kwargs)
  File "/nfs-share/pa511/.cache/pypoetry/virtualenvs/advanced-pytorch-4G2CGpb3-py3.8/lib/python3.8/site-packages/ray/_private/worker.py", line 2667, in get
    values, debugger_breakpoint = worker.get_objects(object_refs, timeout=timeout)
  File "/nfs-share/pa511/.cache/pypoetry/virtualenvs/advanced-pytorch-4G2CGpb3-py3.8/lib/python3.8/site-packages/ray/_private/worker.py", line 864, in get_objects
    raise value.as_instanceof_cause()
ray.exceptions.RayTaskError(ClientAppException): [36mray::ClientAppActor.run()[39m (pid=3816100, ip=128.232.115.66, actor_id=7b3bc706fb727e23783edab601000000, repr=<flwr.simulation.ray_transport.ray_actor.ClientAppActor object at 0x7ff9a437b2e0>)
  File "/nfs-share/pa511/.cache/pypoetry/virtualenvs/advanced-pytorch-4G2CGpb3-py3.8/lib/python3.8/site-packages/flwr/client/client_app.py", line 143, in __call__
    return self._call(message, context)
  File "/nfs-share/pa511/.cache/pypoetry/virtualenvs/advanced-pytorch-4G2CGpb3-py3.8/lib/python3.8/site-packages/flwr/client/client_app.py", line 126, in ffn
    out_message = handle_legacy_message_from_msgtype(
  File "/nfs-share/pa511/.cache/pypoetry/virtualenvs/advanced-pytorch-4G2CGpb3-py3.8/lib/python3.8/site-packages/flwr/client/message_handler/message_handler.py", line 120, in handle_legacy_message_from_msgtype
    get_parameters_res = maybe_call_get_parameters(
  File "/nfs-share/pa511/.cache/pypoetry/virtualenvs/advanced-pytorch-4G2CGpb3-py3.8/lib/python3.8/site-packages/flwr/client/client.py", line 214, in maybe_call_get_parameters
    return client.get_parameters(get_parameters_ins)
  File "/nfs-share/pa511/.cache/pypoetry/virtualenvs/advanced-pytorch-4G2CGpb3-py3.8/lib/python3.8/site-packages/flwr/client/numpy_client.py", line 225, in _get_parameters
    parameters = self.numpy_client.get_parameters(config=ins.config)  # type: ignore
  File "/nfs-share/pa511/resnet/client.py", line 66, in get_parameters
    c1 = fpzip.compress(c, precision=self.cfg.method.precision)
  File "fpzip.pyx", line 175, in fpzip.compress
fpzip.FpzipWriteError: Compression failed. precision not supported

The above exception was the direct cause of the following exception:

[36mray::ClientAppActor.run()[39m (pid=3816100, ip=128.232.115.66, actor_id=7b3bc706fb727e23783edab601000000, repr=<flwr.simulation.ray_transport.ray_actor.ClientAppActor object at 0x7ff9a437b2e0>)
  File "/nfs-share/pa511/.cache/pypoetry/virtualenvs/advanced-pytorch-4G2CGpb3-py3.8/lib/python3.8/site-packages/flwr/simulation/ray_transport/ray_actor.py", line 63, in run
    raise ClientAppException(str(ex)) from ex
flwr.client.client_app.ClientAppException: 
Exception ClientAppException occurred. Message: Compression failed. precision not supported

fpzip.FpzipWriteError: Compression failed. precision not supported

The above exception was the direct cause of the following exception:

[36mray::ClientAppActor.run()[39m (pid=3816100, ip=128.232.115.66, actor_id=7b3bc706fb727e23783edab601000000, repr=<flwr.simulation.ray_transport.ray_actor.ClientAppActor object at 0x7ff9a437b2e0>)
  File "/nfs-share/pa511/.cache/pypoetry/virtualenvs/advanced-pytorch-4G2CGpb3-py3.8/lib/python3.8/site-packages/flwr/simulation/ray_transport/ray_actor.py", line 63, in run
    raise ClientAppException(str(ex)) from ex
flwr.client.client_app.ClientAppException: 
Exception ClientAppException occurred. Message: Compression failed. precision not supported

[91mERROR [0m:     [36mray::ClientAppActor.run()[39m (pid=3816100, ip=128.232.115.66, actor_id=7b3bc706fb727e23783edab601000000, repr=<flwr.simulation.ray_transport.ray_actor.ClientAppActor object at 0x7ff9a437b2e0>)
  File "/nfs-share/pa511/.cache/pypoetry/virtualenvs/advanced-pytorch-4G2CGpb3-py3.8/lib/python3.8/site-packages/flwr/client/client_app.py", line 143, in __call__
    return self._call(message, context)
  File "/nfs-share/pa511/.cache/pypoetry/virtualenvs/advanced-pytorch-4G2CGpb3-py3.8/lib/python3.8/site-packages/flwr/client/client_app.py", line 126, in ffn
    out_message = handle_legacy_message_from_msgtype(
  File "/nfs-share/pa511/.cache/pypoetry/virtualenvs/advanced-pytorch-4G2CGpb3-py3.8/lib/python3.8/site-packages/flwr/client/message_handler/message_handler.py", line 120, in handle_legacy_message_from_msgtype
    get_parameters_res = maybe_call_get_parameters(
  File "/nfs-share/pa511/.cache/pypoetry/virtualenvs/advanced-pytorch-4G2CGpb3-py3.8/lib/python3.8/site-packages/flwr/client/client.py", line 214, in maybe_call_get_parameters
    return client.get_parameters(get_parameters_ins)
  File "/nfs-share/pa511/.cache/pypoetry/virtualenvs/advanced-pytorch-4G2CGpb3-py3.8/lib/python3.8/site-packages/flwr/client/numpy_client.py", line 225, in _get_parameters
    parameters = self.numpy_client.get_parameters(config=ins.config)  # type: ignore
  File "/nfs-share/pa511/resnet/client.py", line 66, in get_parameters
    c1 = fpzip.compress(c, precision=self.cfg.method.precision)
  File "fpzip.pyx", line 175, in fpzip.compress
fpzip.FpzipWriteError: Compression failed. precision not supported

The above exception was the direct cause of the following exception:

[36mray::ClientAppActor.run()[39m (pid=3816100, ip=128.232.115.66, actor_id=7b3bc706fb727e23783edab601000000, repr=<flwr.simulation.ray_transport.ray_actor.ClientAppActor object at 0x7ff9a437b2e0>)
  File "/nfs-share/pa511/.cache/pypoetry/virtualenvs/advanced-pytorch-4G2CGpb3-py3.8/lib/python3.8/site-packages/flwr/simulation/ray_transport/ray_actor.py", line 63, in run
    raise ClientAppException(str(ex)) from ex
flwr.client.client_app.ClientAppException: 
Exception ClientAppException occurred. Message: Compression failed. precision not supported
[2024-08-14 20:25:37,283][flwr][ERROR] - [36mray::ClientAppActor.run()[39m (pid=3816100, ip=128.232.115.66, actor_id=7b3bc706fb727e23783edab601000000, repr=<flwr.simulation.ray_transport.ray_actor.ClientAppActor object at 0x7ff9a437b2e0>)
  File "/nfs-share/pa511/.cache/pypoetry/virtualenvs/advanced-pytorch-4G2CGpb3-py3.8/lib/python3.8/site-packages/flwr/client/client_app.py", line 143, in __call__
    return self._call(message, context)
  File "/nfs-share/pa511/.cache/pypoetry/virtualenvs/advanced-pytorch-4G2CGpb3-py3.8/lib/python3.8/site-packages/flwr/client/client_app.py", line 126, in ffn
    out_message = handle_legacy_message_from_msgtype(
  File "/nfs-share/pa511/.cache/pypoetry/virtualenvs/advanced-pytorch-4G2CGpb3-py3.8/lib/python3.8/site-packages/flwr/client/message_handler/message_handler.py", line 120, in handle_legacy_message_from_msgtype
    get_parameters_res = maybe_call_get_parameters(
  File "/nfs-share/pa511/.cache/pypoetry/virtualenvs/advanced-pytorch-4G2CGpb3-py3.8/lib/python3.8/site-packages/flwr/client/client.py", line 214, in maybe_call_get_parameters
    return client.get_parameters(get_parameters_ins)
  File "/nfs-share/pa511/.cache/pypoetry/virtualenvs/advanced-pytorch-4G2CGpb3-py3.8/lib/python3.8/site-packages/flwr/client/numpy_client.py", line 225, in _get_parameters
    parameters = self.numpy_client.get_parameters(config=ins.config)  # type: ignore
  File "/nfs-share/pa511/resnet/client.py", line 66, in get_parameters
    c1 = fpzip.compress(c, precision=self.cfg.method.precision)
  File "fpzip.pyx", line 175, in fpzip.compress
fpzip.FpzipWriteError: Compression failed. precision not supported

The above exception was the direct cause of the following exception:

[36mray::ClientAppActor.run()[39m (pid=3816100, ip=128.232.115.66, actor_id=7b3bc706fb727e23783edab601000000, repr=<flwr.simulation.ray_transport.ray_actor.ClientAppActor object at 0x7ff9a437b2e0>)
  File "/nfs-share/pa511/.cache/pypoetry/virtualenvs/advanced-pytorch-4G2CGpb3-py3.8/lib/python3.8/site-packages/flwr/simulation/ray_transport/ray_actor.py", line 63, in run
    raise ClientAppException(str(ex)) from ex
flwr.client.client_app.ClientAppException: 
Exception ClientAppException occurred. Message: Compression failed. precision not supported
[2024-08-14 20:25:37,283][flwr][ERROR] - [36mray::ClientAppActor.run()[39m (pid=3816100, ip=128.232.115.66, actor_id=7b3bc706fb727e23783edab601000000, repr=<flwr.simulation.ray_transport.ray_actor.ClientAppActor object at 0x7ff9a437b2e0>)
  File "/nfs-share/pa511/.cache/pypoetry/virtualenvs/advanced-pytorch-4G2CGpb3-py3.8/lib/python3.8/site-packages/flwr/client/client_app.py", line 143, in __call__
    return self._call(message, context)
  File "/nfs-share/pa511/.cache/pypoetry/virtualenvs/advanced-pytorch-4G2CGpb3-py3.8/lib/python3.8/site-packages/flwr/client/client_app.py", line 126, in ffn
    out_message = handle_legacy_message_from_msgtype(
  File "/nfs-share/pa511/.cache/pypoetry/virtualenvs/advanced-pytorch-4G2CGpb3-py3.8/lib/python3.8/site-packages/flwr/client/message_handler/message_handler.py", line 120, in handle_legacy_message_from_msgtype
    get_parameters_res = maybe_call_get_parameters(
  File "/nfs-share/pa511/.cache/pypoetry/virtualenvs/advanced-pytorch-4G2CGpb3-py3.8/lib/python3.8/site-packages/flwr/client/client.py", line 214, in maybe_call_get_parameters
    return client.get_parameters(get_parameters_ins)
  File "/nfs-share/pa511/.cache/pypoetry/virtualenvs/advanced-pytorch-4G2CGpb3-py3.8/lib/python3.8/site-packages/flwr/client/numpy_client.py", line 225, in _get_parameters
    parameters = self.numpy_client.get_parameters(config=ins.config)  # type: ignore
  File "/nfs-share/pa511/resnet/client.py", line 66, in get_parameters
    c1 = fpzip.compress(c, precision=self.cfg.method.precision)
  File "fpzip.pyx", line 175, in fpzip.compress
fpzip.FpzipWriteError: Compression failed. precision not supported

The above exception was the direct cause of the following exception:

[36mray::ClientAppActor.run()[39m (pid=3816100, ip=128.232.115.66, actor_id=7b3bc706fb727e23783edab601000000, repr=<flwr.simulation.ray_transport.ray_actor.ClientAppActor object at 0x7ff9a437b2e0>)
  File "/nfs-share/pa511/.cache/pypoetry/virtualenvs/advanced-pytorch-4G2CGpb3-py3.8/lib/python3.8/site-packages/flwr/simulation/ray_transport/ray_actor.py", line 63, in run
    raise ClientAppException(str(ex)) from ex
flwr.client.client_app.ClientAppException: 
Exception ClientAppException occurred. Message: Compression failed. precision not supported
[91mERROR [0m:     [36mray::ClientAppActor.run()[39m (pid=3816100, ip=128.232.115.66, actor_id=7b3bc706fb727e23783edab601000000, repr=<flwr.simulation.ray_transport.ray_actor.ClientAppActor object at 0x7ff9a437b2e0>)
  File "/nfs-share/pa511/.cache/pypoetry/virtualenvs/advanced-pytorch-4G2CGpb3-py3.8/lib/python3.8/site-packages/flwr/client/client_app.py", line 143, in __call__
    return self._call(message, context)
  File "/nfs-share/pa511/.cache/pypoetry/virtualenvs/advanced-pytorch-4G2CGpb3-py3.8/lib/python3.8/site-packages/flwr/client/client_app.py", line 126, in ffn
    out_message = handle_legacy_message_from_msgtype(
  File "/nfs-share/pa511/.cache/pypoetry/virtualenvs/advanced-pytorch-4G2CGpb3-py3.8/lib/python3.8/site-packages/flwr/client/message_handler/message_handler.py", line 120, in handle_legacy_message_from_msgtype
    get_parameters_res = maybe_call_get_parameters(
  File "/nfs-share/pa511/.cache/pypoetry/virtualenvs/advanced-pytorch-4G2CGpb3-py3.8/lib/python3.8/site-packages/flwr/client/client.py", line 214, in maybe_call_get_parameters
    return client.get_parameters(get_parameters_ins)
  File "/nfs-share/pa511/.cache/pypoetry/virtualenvs/advanced-pytorch-4G2CGpb3-py3.8/lib/python3.8/site-packages/flwr/client/numpy_client.py", line 225, in _get_parameters
    parameters = self.numpy_client.get_parameters(config=ins.config)  # type: ignore
  File "/nfs-share/pa511/resnet/client.py", line 66, in get_parameters
    c1 = fpzip.compress(c, precision=self.cfg.method.precision)
  File "fpzip.pyx", line 175, in fpzip.compress
fpzip.FpzipWriteError: Compression failed. precision not supported

The above exception was the direct cause of the following exception:

[36mray::ClientAppActor.run()[39m (pid=3816100, ip=128.232.115.66, actor_id=7b3bc706fb727e23783edab601000000, repr=<flwr.simulation.ray_transport.ray_actor.ClientAppActor object at 0x7ff9a437b2e0>)
  File "/nfs-share/pa511/.cache/pypoetry/virtualenvs/advanced-pytorch-4G2CGpb3-py3.8/lib/python3.8/site-packages/flwr/simulation/ray_transport/ray_actor.py", line 63, in run
    raise ClientAppException(str(ex)) from ex
flwr.client.client_app.ClientAppException: 
Exception ClientAppException occurred. Message: Compression failed. precision not supported
[91mERROR [0m:     Traceback (most recent call last):
  File "/nfs-share/pa511/.cache/pypoetry/virtualenvs/advanced-pytorch-4G2CGpb3-py3.8/lib/python3.8/site-packages/flwr/simulation/app.py", line 339, in start_simulation
    hist = run_fl(
  File "/nfs-share/pa511/.cache/pypoetry/virtualenvs/advanced-pytorch-4G2CGpb3-py3.8/lib/python3.8/site-packages/flwr/server/server.py", line 490, in run_fl
    hist, elapsed_time = server.fit(
  File "/nfs-share/pa511/.cache/pypoetry/virtualenvs/advanced-pytorch-4G2CGpb3-py3.8/lib/python3.8/site-packages/flwr/server/server.py", line 93, in fit
    self.parameters = self._get_initial_parameters(server_round=0, timeout=timeout)
  File "/nfs-share/pa511/.cache/pypoetry/virtualenvs/advanced-pytorch-4G2CGpb3-py3.8/lib/python3.8/site-packages/flwr/server/server.py", line 282, in _get_initial_parameters
    get_parameters_res = random_client.get_parameters(
  File "/nfs-share/pa511/.cache/pypoetry/virtualenvs/advanced-pytorch-4G2CGpb3-py3.8/lib/python3.8/site-packages/flwr/simulation/ray_transport/ray_client_proxy.py", line 168, in get_parameters
    message_out = self._submit_job(message, timeout)
  File "/nfs-share/pa511/.cache/pypoetry/virtualenvs/advanced-pytorch-4G2CGpb3-py3.8/lib/python3.8/site-packages/flwr/simulation/ray_transport/ray_client_proxy.py", line 108, in _submit_job
    raise ex
  File "/nfs-share/pa511/.cache/pypoetry/virtualenvs/advanced-pytorch-4G2CGpb3-py3.8/lib/python3.8/site-packages/flwr/simulation/ray_transport/ray_client_proxy.py", line 94, in _submit_job
    out_mssg, updated_context = self.actor_pool.get_client_result(
  File "/nfs-share/pa511/.cache/pypoetry/virtualenvs/advanced-pytorch-4G2CGpb3-py3.8/lib/python3.8/site-packages/flwr/simulation/ray_transport/ray_actor.py", line 398, in get_client_result
    return self._fetch_future_result(cid)
  File "/nfs-share/pa511/.cache/pypoetry/virtualenvs/advanced-pytorch-4G2CGpb3-py3.8/lib/python3.8/site-packages/flwr/simulation/ray_transport/ray_actor.py", line 279, in _fetch_future_result
    res_cid, out_mssg, updated_context = ray.get(
  File "/nfs-share/pa511/.cache/pypoetry/virtualenvs/advanced-pytorch-4G2CGpb3-py3.8/lib/python3.8/site-packages/ray/_private/auto_init_hook.py", line 21, in auto_init_wrapper
    return fn(*args, **kwargs)
  File "/nfs-share/pa511/.cache/pypoetry/virtualenvs/advanced-pytorch-4G2CGpb3-py3.8/lib/python3.8/site-packages/ray/_private/client_mode_hook.py", line 103, in wrapper
    return func(*args, **kwargs)
  File "/nfs-share/pa511/.cache/pypoetry/virtualenvs/advanced-pytorch-4G2CGpb3-py3.8/lib/python3.8/site-packages/ray/_private/worker.py", line 2667, in get
    values, debugger_breakpoint = worker.get_objects(object_refs, timeout=timeout)
  File "/nfs-share/pa511/.cache/pypoetry/virtualenvs/advanced-pytorch-4G2CGpb3-py3.8/lib/python3.8/site-packages/ray/_private/worker.py", line 864, in get_objects
    raise value.as_instanceof_cause()
ray.exceptions.RayTaskError(ClientAppException): [36mray::ClientAppActor.run()[39m (pid=3816100, ip=128.232.115.66, actor_id=7b3bc706fb727e23783edab601000000, repr=<flwr.simulation.ray_transport.ray_actor.ClientAppActor object at 0x7ff9a437b2e0>)
  File "/nfs-share/pa511/.cache/pypoetry/virtualenvs/advanced-pytorch-4G2CGpb3-py3.8/lib/python3.8/site-packages/flwr/client/client_app.py", line 143, in __call__
    return self._call(message, context)
  File "/nfs-share/pa511/.cache/pypoetry/virtualenvs/advanced-pytorch-4G2CGpb3-py3.8/lib/python3.8/site-packages/flwr/client/client_app.py", line 126, in ffn
    out_message = handle_legacy_message_from_msgtype(
  File "/nfs-share/pa511/.cache/pypoetry/virtualenvs/advanced-pytorch-4G2CGpb3-py3.8/lib/python3.8/site-packages/flwr/client/message_handler/message_handler.py", line 120, in handle_legacy_message_from_msgtype
    get_parameters_res = maybe_call_get_parameters(
  File "/nfs-share/pa511/.cache/pypoetry/virtualenvs/advanced-pytorch-4G2CGpb3-py3.8/lib/python3.8/site-packages/flwr/client/client.py", line 214, in maybe_call_get_parameters
    return client.get_parameters(get_parameters_ins)
[2024-08-14 20:25:37,288][flwr][ERROR] - Traceback (most recent call last):
  File "/nfs-share/pa511/.cache/pypoetry/virtualenvs/advanced-pytorch-4G2CGpb3-py3.8/lib/python3.8/site-packages/flwr/simulation/app.py", line 339, in start_simulation
    hist = run_fl(
  File "/nfs-share/pa511/.cache/pypoetry/virtualenvs/advanced-pytorch-4G2CGpb3-py3.8/lib/python3.8/site-packages/flwr/server/server.py", line 490, in run_fl
    hist, elapsed_time = server.fit(
  File "/nfs-share/pa511/.cache/pypoetry/virtualenvs/advanced-pytorch-4G2CGpb3-py3.8/lib/python3.8/site-packages/flwr/server/server.py", line 93, in fit
    self.parameters = self._get_initial_parameters(server_round=0, timeout=timeout)
  File "/nfs-share/pa511/.cache/pypoetry/virtualenvs/advanced-pytorch-4G2CGpb3-py3.8/lib/python3.8/site-packages/flwr/server/server.py", line 282, in _get_initial_parameters
    get_parameters_res = random_client.get_parameters(
  File "/nfs-share/pa511/.cache/pypoetry/virtualenvs/advanced-pytorch-4G2CGpb3-py3.8/lib/python3.8/site-packages/flwr/simulation/ray_transport/ray_client_proxy.py", line 168, in get_parameters
    message_out = self._submit_job(message, timeout)
  File "/nfs-share/pa511/.cache/pypoetry/virtualenvs/advanced-pytorch-4G2CGpb3-py3.8/lib/python3.8/site-packages/flwr/simulation/ray_transport/ray_client_proxy.py", line 108, in _submit_job
    raise ex
  File "/nfs-share/pa511/.cache/pypoetry/virtualenvs/advanced-pytorch-4G2CGpb3-py3.8/lib/python3.8/site-packages/flwr/simulation/ray_transport/ray_client_proxy.py", line 94, in _submit_job
    out_mssg, updated_context = self.actor_pool.get_client_result(
  File "/nfs-share/pa511/.cache/pypoetry/virtualenvs/advanced-pytorch-4G2CGpb3-py3.8/lib/python3.8/site-packages/flwr/simulation/ray_transport/ray_actor.py", line 398, in get_client_result
    return self._fetch_future_result(cid)
  File "/nfs-share/pa511/.cache/pypoetry/virtualenvs/advanced-pytorch-4G2CGpb3-py3.8/lib/python3.8/site-packages/flwr/simulation/ray_transport/ray_actor.py", line 279, in _fetch_future_result
    res_cid, out_mssg, updated_context = ray.get(
  File "/nfs-share/pa511/.cache/pypoetry/virtualenvs/advanced-pytorch-4G2CGpb3-py3.8/lib/python3.8/site-packages/ray/_private/auto_init_hook.py", line 21, in auto_init_wrapper
    return fn(*args, **kwargs)
  File "/nfs-share/pa511/.cache/pypoetry/virtualenvs/advanced-pytorch-4G2CGpb3-py3.8/lib/python3.8/site-packages/ray/_private/client_mode_hook.py", line 103, in wrapper
    return func(*args, **kwargs)
  File "/nfs-share/pa511/.cache/pypoetry/virtualenvs/advanced-pytorch-4G2CGpb3-py3.8/lib/python3.8/site-packages/ray/_private/worker.py", line 2667, in get
    values, debugger_breakpoint = worker.get_objects(object_refs, timeout=timeout)
  File "/nfs-share/pa511/.cache/pypoetry/virtualenvs/advanced-pytorch-4G2CGpb3-py3.8/lib/python3.8/site-packages/ray/_private/worker.py", line 864, in get_objects
    raise value.as_instanceof_cause()
ray.exceptions.RayTaskError(ClientAppException): [36mray::ClientAppActor.run()[39m (pid=3816100, ip=128.232.115.66, actor_id=7b3bc706fb727e23783edab601000000, repr=<flwr.simulation.ray_transport.ray_actor.ClientAppActor object at 0x7ff9a437b2e0>)
  File "/nfs-share/pa511/.cache/pypoetry/virtualenvs/advanced-pytorch-4G2CGpb3-py3.8/lib/python3.8/site-packages/flwr/client/client_app.py", line 143, in __call__
    return self._call(message, context)
  File "/nfs-share/pa511/.cache/pypoetry/virtualenvs/advanced-pytorch-4G2CGpb3-py3.8/lib/python3.8/site-packages/flwr/client/client_app.py", line 126, in ffn
    out_message = handle_legacy_message_from_msgtype(
  File "/nfs-share/pa511/.cache/pypoetry/virtualenvs/advanced-pytorch-4G2CGpb3-py3.8/lib/python3.8/site-packages/flwr/client/message_handler/message_handler.py", line 120, in handle_legacy_message_from_msgtype
    get_parameters_res = maybe_call_get_parameters(
  File "/nfs-share/pa511/.cache/pypoetry/virtualenvs/advanced-pytorch-4G2CGpb3-py3.8/lib/python3.8/site-packages/flwr/client/client.py", line 214, in maybe_call_get_parameters
  File "/nfs-share/pa511/.cache/pypoetry/virtualenvs/advanced-pytorch-4G2CGpb3-py3.8/lib/python3.8/site-packages/flwr/client/numpy_client.py", line 225, in _get_parameters
    parameters = self.numpy_client.get_parameters(config=ins.config)  # type: ignore
  File "/nfs-share/pa511/resnet/client.py", line 66, in get_parameters
    c1 = fpzip.compress(c, precision=self.cfg.method.precision)
  File "fpzip.pyx", line 175, in fpzip.compress
fpzip.FpzipWriteError: Compression failed. precision not supported

The above exception was the direct cause of the following exception:

[36mray::ClientAppActor.run()[39m (pid=3816100, ip=128.232.115.66, actor_id=7b3bc706fb727e23783edab601000000, repr=<flwr.simulation.ray_transport.ray_actor.ClientAppActor object at 0x7ff9a437b2e0>)
  File "/nfs-share/pa511/.cache/pypoetry/virtualenvs/advanced-pytorch-4G2CGpb3-py3.8/lib/python3.8/site-packages/flwr/simulation/ray_transport/ray_actor.py", line 63, in run
    raise ClientAppException(str(ex)) from ex
flwr.client.client_app.ClientAppException: 
Exception ClientAppException occurred. Message: Compression failed. precision not supported

[91mERROR [0m:     Your simulation crashed :(. This could be because of several reasons. The most common are: 
	 > Sometimes, issues in the simulation code itself can cause crashes. It's always a good idea to double-check your code for any potential bugs or inconsistencies that might be contributing to the problem. For example: 
		 - You might be using a class attribute in your clients that hasn't been defined.
		 - There could be an incorrect method call to a 3rd party library (e.g., PyTorch).
		 - The return types of methods in your clients/strategies might be incorrect.
	 > Your system couldn't fit a single VirtualClient: try lowering `client_resources`.
	 > All the actors in your pool crashed. This could be because: 
		 - You clients hit an out-of-memory (OOM) error and actors couldn't recover from it. Try launching your simulation with more generous `client_resources` setting (i.e. it seems {'num_cpus': 2, 'num_gpus': 0.0} is not enough for your run). Use fewer concurrent actors. 
		 - You were running a multi-node simulation and all worker nodes disconnected. The head node might still be alive but cannot accommodate any actor with resources: {'num_cpus': 2, 'num_gpus': 0.0}.
Take a look at the Flower simulation examples for guidance <https://flower.ai/docs/framework/how-to-run-simulations.html>.
    return client.get_parameters(get_parameters_ins)
  File "/nfs-share/pa511/.cache/pypoetry/virtualenvs/advanced-pytorch-4G2CGpb3-py3.8/lib/python3.8/site-packages/flwr/client/numpy_client.py", line 225, in _get_parameters
    parameters = self.numpy_client.get_parameters(config=ins.config)  # type: ignore
  File "/nfs-share/pa511/resnet/client.py", line 66, in get_parameters
    c1 = fpzip.compress(c, precision=self.cfg.method.precision)
  File "fpzip.pyx", line 175, in fpzip.compress
fpzip.FpzipWriteError: Compression failed. precision not supported

The above exception was the direct cause of the following exception:

[36mray::ClientAppActor.run()[39m (pid=3816100, ip=128.232.115.66, actor_id=7b3bc706fb727e23783edab601000000, repr=<flwr.simulation.ray_transport.ray_actor.ClientAppActor object at 0x7ff9a437b2e0>)
  File "/nfs-share/pa511/.cache/pypoetry/virtualenvs/advanced-pytorch-4G2CGpb3-py3.8/lib/python3.8/site-packages/flwr/simulation/ray_transport/ray_actor.py", line 63, in run
    raise ClientAppException(str(ex)) from ex
flwr.client.client_app.ClientAppException: 
Exception ClientAppException occurred. Message: Compression failed. precision not supported

[2024-08-14 20:25:37,288][flwr][ERROR] - Your simulation crashed :(. This could be because of several reasons. The most common are: 
	 > Sometimes, issues in the simulation code itself can cause crashes. It's always a good idea to double-check your code for any potential bugs or inconsistencies that might be contributing to the problem. For example: 
		 - You might be using a class attribute in your clients that hasn't been defined.
		 - There could be an incorrect method call to a 3rd party library (e.g., PyTorch).
		 - The return types of methods in your clients/strategies might be incorrect.
	 > Your system couldn't fit a single VirtualClient: try lowering `client_resources`.
	 > All the actors in your pool crashed. This could be because: 
		 - You clients hit an out-of-memory (OOM) error and actors couldn't recover from it. Try launching your simulation with more generous `client_resources` setting (i.e. it seems {'num_cpus': 2, 'num_gpus': 0.0} is not enough for your run). Use fewer concurrent actors. 
		 - You were running a multi-node simulation and all worker nodes disconnected. The head node might still be alive but cannot accommodate any actor with resources: {'num_cpus': 2, 'num_gpus': 0.0}.
Take a look at the Flower simulation examples for guidance <https://flower.ai/docs/framework/how-to-run-simulations.html>.
Error executing job with overrides: []
Traceback (most recent call last):
  File "/nfs-share/pa511/.cache/pypoetry/virtualenvs/advanced-pytorch-4G2CGpb3-py3.8/lib/python3.8/site-packages/flwr/simulation/app.py", line 339, in start_simulation
    hist = run_fl(
  File "/nfs-share/pa511/.cache/pypoetry/virtualenvs/advanced-pytorch-4G2CGpb3-py3.8/lib/python3.8/site-packages/flwr/server/server.py", line 490, in run_fl
    hist, elapsed_time = server.fit(
  File "/nfs-share/pa511/.cache/pypoetry/virtualenvs/advanced-pytorch-4G2CGpb3-py3.8/lib/python3.8/site-packages/flwr/server/server.py", line 93, in fit
    self.parameters = self._get_initial_parameters(server_round=0, timeout=timeout)
  File "/nfs-share/pa511/.cache/pypoetry/virtualenvs/advanced-pytorch-4G2CGpb3-py3.8/lib/python3.8/site-packages/flwr/server/server.py", line 282, in _get_initial_parameters
    get_parameters_res = random_client.get_parameters(
  File "/nfs-share/pa511/.cache/pypoetry/virtualenvs/advanced-pytorch-4G2CGpb3-py3.8/lib/python3.8/site-packages/flwr/simulation/ray_transport/ray_client_proxy.py", line 168, in get_parameters
    message_out = self._submit_job(message, timeout)
  File "/nfs-share/pa511/.cache/pypoetry/virtualenvs/advanced-pytorch-4G2CGpb3-py3.8/lib/python3.8/site-packages/flwr/simulation/ray_transport/ray_client_proxy.py", line 108, in _submit_job
    raise ex
  File "/nfs-share/pa511/.cache/pypoetry/virtualenvs/advanced-pytorch-4G2CGpb3-py3.8/lib/python3.8/site-packages/flwr/simulation/ray_transport/ray_client_proxy.py", line 94, in _submit_job
    out_mssg, updated_context = self.actor_pool.get_client_result(
  File "/nfs-share/pa511/.cache/pypoetry/virtualenvs/advanced-pytorch-4G2CGpb3-py3.8/lib/python3.8/site-packages/flwr/simulation/ray_transport/ray_actor.py", line 398, in get_client_result
    return self._fetch_future_result(cid)
  File "/nfs-share/pa511/.cache/pypoetry/virtualenvs/advanced-pytorch-4G2CGpb3-py3.8/lib/python3.8/site-packages/flwr/simulation/ray_transport/ray_actor.py", line 279, in _fetch_future_result
    res_cid, out_mssg, updated_context = ray.get(
  File "/nfs-share/pa511/.cache/pypoetry/virtualenvs/advanced-pytorch-4G2CGpb3-py3.8/lib/python3.8/site-packages/ray/_private/auto_init_hook.py", line 21, in auto_init_wrapper
    return fn(*args, **kwargs)
  File "/nfs-share/pa511/.cache/pypoetry/virtualenvs/advanced-pytorch-4G2CGpb3-py3.8/lib/python3.8/site-packages/ray/_private/client_mode_hook.py", line 103, in wrapper
    return func(*args, **kwargs)
  File "/nfs-share/pa511/.cache/pypoetry/virtualenvs/advanced-pytorch-4G2CGpb3-py3.8/lib/python3.8/site-packages/ray/_private/worker.py", line 2667, in get
    values, debugger_breakpoint = worker.get_objects(object_refs, timeout=timeout)
  File "/nfs-share/pa511/.cache/pypoetry/virtualenvs/advanced-pytorch-4G2CGpb3-py3.8/lib/python3.8/site-packages/ray/_private/worker.py", line 864, in get_objects
    raise value.as_instanceof_cause()
ray.exceptions.RayTaskError(ClientAppException): [36mray::ClientAppActor.run()[39m (pid=3816100, ip=128.232.115.66, actor_id=7b3bc706fb727e23783edab601000000, repr=<flwr.simulation.ray_transport.ray_actor.ClientAppActor object at 0x7ff9a437b2e0>)
  File "/nfs-share/pa511/.cache/pypoetry/virtualenvs/advanced-pytorch-4G2CGpb3-py3.8/lib/python3.8/site-packages/flwr/client/client_app.py", line 143, in __call__
    return self._call(message, context)
  File "/nfs-share/pa511/.cache/pypoetry/virtualenvs/advanced-pytorch-4G2CGpb3-py3.8/lib/python3.8/site-packages/flwr/client/client_app.py", line 126, in ffn
    out_message = handle_legacy_message_from_msgtype(
  File "/nfs-share/pa511/.cache/pypoetry/virtualenvs/advanced-pytorch-4G2CGpb3-py3.8/lib/python3.8/site-packages/flwr/client/message_handler/message_handler.py", line 120, in handle_legacy_message_from_msgtype
    get_parameters_res = maybe_call_get_parameters(
  File "/nfs-share/pa511/.cache/pypoetry/virtualenvs/advanced-pytorch-4G2CGpb3-py3.8/lib/python3.8/site-packages/flwr/client/client.py", line 214, in maybe_call_get_parameters
    return client.get_parameters(get_parameters_ins)
  File "/nfs-share/pa511/.cache/pypoetry/virtualenvs/advanced-pytorch-4G2CGpb3-py3.8/lib/python3.8/site-packages/flwr/client/numpy_client.py", line 225, in _get_parameters
    parameters = self.numpy_client.get_parameters(config=ins.config)  # type: ignore
  File "/nfs-share/pa511/resnet/client.py", line 66, in get_parameters
    c1 = fpzip.compress(c, precision=self.cfg.method.precision)
  File "fpzip.pyx", line 175, in fpzip.compress
fpzip.FpzipWriteError: Compression failed. precision not supported

The above exception was the direct cause of the following exception:

[36mray::ClientAppActor.run()[39m (pid=3816100, ip=128.232.115.66, actor_id=7b3bc706fb727e23783edab601000000, repr=<flwr.simulation.ray_transport.ray_actor.ClientAppActor object at 0x7ff9a437b2e0>)
  File "/nfs-share/pa511/.cache/pypoetry/virtualenvs/advanced-pytorch-4G2CGpb3-py3.8/lib/python3.8/site-packages/flwr/simulation/ray_transport/ray_actor.py", line 63, in run
    raise ClientAppException(str(ex)) from ex
flwr.client.client_app.ClientAppException: 
Exception ClientAppException occurred. Message: Compression failed. precision not supported

The above exception was the direct cause of the following exception:

Traceback (most recent call last):
  File "main.py", line 63, in main
    history = fl.simulation.start_simulation(
  File "/nfs-share/pa511/.cache/pypoetry/virtualenvs/advanced-pytorch-4G2CGpb3-py3.8/lib/python3.8/site-packages/flwr/simulation/app.py", line 375, in start_simulation
    raise RuntimeError("Simulation crashed.") from ex
RuntimeError: Simulation crashed.

Set the environment variable HYDRA_FULL_ERROR=1 for a complete stack trace.
srun: error: ngongotaha: task 0: Exited with exit code 1
